Save repository element : Datawarehouse Sucos : Creation of initial version
Save database : Modification by user
Save repository element : Datawarehouse Sucos : Modification by user
Save database : Modification by user
Save repository element : Datawarehouse Sucos : Modification by user
Save repository element : Datawarehouse Sucos - MYSQL : Creation of initial version
Save database : Modification by user
Save repository element : Datawarehouse Sucos - MYSQL : Modification by user
Save database : Modification by user
Save repository element : Datawarehouse Sucos - MYSQL : Modification by user
Save repository element : Fontes das Fatos : Creation of initial version
Save database : Modification by user
Save repository element : Datawarehouse Sucos - MYSQL : Modification by user
Save database : Modification by user
Save repository element : Datawarehouse Sucos - MYSQL : Modification by user
Save database : Modification by user
Save repository element : motor-inc-oltp : Modification by user
Save database : Modification by user
Save repository element : motor-inc-oltp : Modification by user
Save database : Modification by user
Save repository element : Datawarehouse Sucos - MYSQL : Modification by user
Save database : Modification by user
Save repository element : Datawarehouse Sucos - MYSQL : Modification by user
Save repository element : Teste de Lookup : Creation of initial version
