Save repository element : etl2000 : Creation of initial version
Save database : Modification by user
Save repository element : etl2000_pg : Modification by user
Save database : Modification by user
Save repository element : etl2000_pg : Modification by user
Save database : Modification by user
Save repository element : etl2000 : Modification by user
Save database : Modification by user
Save repository element : etl2000 : Modification by user
Save database : Modification by user
Save repository element : etl2000_pg : Modification by user
Save database : Modification by user
Save repository element : etl2000_pg : Modification by user
Creating slave server [Carte 8084]
Save repository element : Carte 8084 : Creation of initial version
Creating slave server [Carte 8081]
Save repository element : Carte 8081 : Creation of initial version
Updating slave server [Carte 8081]
Save repository element : Carte 8081 : Modification by user
Creating slave server [Carte 8082]
Save repository element : Carte 8082 : Creation of initial version
Save repository element : Cluster 8081 : Creation of initial version
Save repository element : Carte 8082 : Creation of initial version
Save repository element : Cluster Local ETL2000 com postgres : Creation of initial version
